<?xml version="1.0" encoding="UTF-8"?>
<!-- Generated by org.testng.reporters.JUnitXMLReporter -->
<testsuite ignored="2" hostname="DESKTOP-9AR9G70" failures="0" tests="5" name="Test" time="0.117" errors="0" timestamp="2022-03-15T15:21:30 IST">
  <testcase classname="com.aspire.TestNg.FailedFiles.Grouping" name="TCS1" time="0.013"/>
  <testcase classname="com.aspire.TestNg.FailedFiles.Grouping" name="TCS2" time="0.004"/>
  <testcase classname="com.aspire.TestNg.FailedFiles.Grouping" name="TCS3" time="0.002"/>
  <testcase classname="com.aspire.TestNg.FailedFiles.Grouping" name="TCS4" time="0.002"/>
  <testcase classname="com.aspire.TestNg.FailedFiles.Grouping" name="TCS5" time="0.007"/>
  <testcase classname="com.aspire.TestNg.FailedFiles.Grouping" name="TCS7" time="0.0">
    <ignored/>
  </testcase> <!-- TCS7 -->
  <testcase classname="com.aspire.TestNg.FailedFiles.Grouping" name="TCS6" time="0.0">
    <ignored/>
  </testcase> <!-- TCS6 -->
</testsuite> <!-- Test -->
