<?xml version="1.0" encoding="UTF-8"?>
<!-- Generated by org.testng.reporters.JUnitXMLReporter -->
<testsuite ignored="0" hostname="DESKTOP-9AR9G70" failures="0" tests="3" name="Testng" time="83.279" errors="0" timestamp="2022-02-28T14:01:15 IST">
  <testcase classname="com.aspire.FrameWork.ParallelTesting.Chrome" name="ChromeBrowser" time="12.311"/>
  <testcase classname="com.aspire.FrameWork.ParallelTesting.Edge" name="EdgeBrowser" time="19.913"/>
  <testcase classname="com.aspire.FrameWork.ParallelTesting.Firefox" name="FireFoxBrowser" time="50.971"/>
</testsuite> <!-- Testng -->
