<?xml version="1.0" encoding="UTF-8"?>
<testng-results ignored="0" total="2" passed="2" failed="0" skipped="0">
  <reporter-output>
    <line>
      <![CDATA[Login]]>
    </line>
    <line>
      <![CDATA[Logout]]>
    </line>
  </reporter-output>
  <suite started-at="2022-04-14T14:53:25 IST" name="Default suite" finished-at="2022-04-14T14:53:26 IST" duration-ms="1234">
    <groups>
    </groups>
    <test started-at="2022-04-14T14:53:25 IST" name="Default test" finished-at="2022-04-14T14:53:26 IST" duration-ms="1234">
      <class name="com.aspire.TestNg.Kerywords.KeywordDependsOnMethod">
        <test-method signature="Login()[pri:0, instance:com.aspire.TestNg.Kerywords.KeywordDependsOnMethod@35047d03]" started-at="2022-04-14T14:53:25 IST" name="Login" finished-at="2022-04-14T14:53:26 IST" duration-ms="1060" status="PASS">
          <reporter-output>
            <line>
              <![CDATA[Login]]>
            </line>
          </reporter-output>
        </test-method> <!-- Login -->
        <test-method signature="Logout()[pri:0, instance:com.aspire.TestNg.Kerywords.KeywordDependsOnMethod@35047d03]" started-at="2022-04-14T14:53:26 IST" name="Logout" finished-at="2022-04-14T14:53:26 IST" depends-on-methods="com.aspire.TestNg.Kerywords.KeywordDependsOnMethod.Login" duration-ms="6" status="PASS">
          <reporter-output>
            <line>
              <![CDATA[Logout]]>
            </line>
          </reporter-output>
        </test-method> <!-- Logout -->
      </class> <!-- com.aspire.TestNg.Kerywords.KeywordDependsOnMethod -->
    </test> <!-- Default test -->
  </suite> <!-- Default suite -->
</testng-results>
